<?xml version="1.0" encoding="UTF-8"?>
<testng-results skipped="0" failed="0" ignored="0" total="2" passed="2">
  <reporter-output>
  </reporter-output>
  <suite name="Default suite" duration-ms="23177" started-at="2018-10-21T06:20:36Z" finished-at="2018-10-21T06:21:00Z">
    <groups>
    </groups>
    <test name="Default test" duration-ms="23177" started-at="2018-10-21T06:20:36Z" finished-at="2018-10-21T06:21:00Z">
      <class name="org.test.login.BobcatProducts">
        <test-method status="PASS" signature="beforeClass()[pri:0, instance:org.test.login.BobcatProducts@1c3a4799]" name="beforeClass" is-config="true" duration-ms="17736" started-at="2018-10-21T06:20:36Z" finished-at="2018-10-21T06:20:54Z">
          <reporter-output>
          </reporter-output>
        </test-method> <!-- beforeClass -->
        <test-method status="PASS" signature="beforeMethod()[pri:0, instance:org.test.login.BobcatProducts@1c3a4799]" name="beforeMethod" is-config="true" duration-ms="12" started-at="2018-10-21T06:20:54Z" finished-at="2018-10-21T06:20:54Z">
          <reporter-output>
          </reporter-output>
        </test-method> <!-- beforeMethod -->
        <test-method status="PASS" signature="test1()[pri:0, instance:org.test.login.BobcatProducts@1c3a4799]" name="test1" duration-ms="3879" started-at="2018-10-21T06:20:54Z" finished-at="2018-10-21T06:20:58Z">
          <reporter-output>
          </reporter-output>
        </test-method> <!-- test1 -->
        <test-method status="PASS" signature="afterMethod()[pri:0, instance:org.test.login.BobcatProducts@1c3a4799]" name="afterMethod" is-config="true" duration-ms="1" started-at="2018-10-21T06:20:58Z" finished-at="2018-10-21T06:20:58Z">
          <reporter-output>
          </reporter-output>
        </test-method> <!-- afterMethod -->
        <test-method status="PASS" signature="beforeMethod()[pri:0, instance:org.test.login.BobcatProducts@1c3a4799]" name="beforeMethod" is-config="true" duration-ms="1" started-at="2018-10-21T06:20:58Z" finished-at="2018-10-21T06:20:58Z">
          <reporter-output>
          </reporter-output>
        </test-method> <!-- beforeMethod -->
        <test-method status="PASS" signature="test2()[pri:0, instance:org.test.login.BobcatProducts@1c3a4799]" name="test2" duration-ms="791" started-at="2018-10-21T06:20:58Z" finished-at="2018-10-21T06:20:59Z">
          <reporter-output>
          </reporter-output>
        </test-method> <!-- test2 -->
        <test-method status="PASS" signature="afterMethod()[pri:0, instance:org.test.login.BobcatProducts@1c3a4799]" name="afterMethod" is-config="true" duration-ms="1" started-at="2018-10-21T06:20:59Z" finished-at="2018-10-21T06:20:59Z">
          <reporter-output>
          </reporter-output>
        </test-method> <!-- afterMethod -->
        <test-method status="PASS" signature="afterClass()[pri:0, instance:org.test.login.BobcatProducts@1c3a4799]" name="afterClass" is-config="true" duration-ms="689" started-at="2018-10-21T06:20:59Z" finished-at="2018-10-21T06:21:00Z">
          <reporter-output>
          </reporter-output>
        </test-method> <!-- afterClass -->
      </class> <!-- org.test.login.BobcatProducts -->
    </test> <!-- Default test -->
  </suite> <!-- Default suite -->
</testng-results>
